1592156822624	mozrunner::runner	INFO	Running command: "/Applications/Firefox.app/Contents/MacOS/firefox-bin" "-marionette" "-foreground" "-no-remote" "-profile" "/var/folders/sy/ftdw_z7943l_lhzvzhtgs7k80000gn/T/rust_mozprofilerfCrYq"
1592156826642	Marionette	INFO	Listening on port 55985
1592156826701	Marionette	WARN	TLS certificate errors will be ignored for this session
1592156851325	mozrunner::runner	INFO	Running command: "/Applications/Firefox.app/Contents/MacOS/firefox-bin" "-marionette" "-foreground" "-no-remote" "-profile" "/var/folders/sy/ftdw_z7943l_lhzvzhtgs7k80000gn/T/rust_mozprofileCVbrqd"
1592156854080	Marionette	INFO	Listening on port 56072
1592156854105	Marionette	WARN	TLS certificate errors will be ignored for this session
1592156869045	mozrunner::runner	INFO	Running command: "/Applications/Firefox.app/Contents/MacOS/firefox-bin" "-marionette" "-foreground" "-no-remote" "-profile" "/var/folders/sy/ftdw_z7943l_lhzvzhtgs7k80000gn/T/rust_mozprofile7CFR17"
1592156871797	Marionette	INFO	Listening on port 56144
1592156871921	Marionette	WARN	TLS certificate errors will be ignored for this session
1592156953420	mozrunner::runner	INFO	Running command: "/Applications/Firefox.app/Contents/MacOS/firefox-bin" "-marionette" "-foreground" "-no-remote" "-profile" "/var/folders/sy/ftdw_z7943l_lhzvzhtgs7k80000gn/T/rust_mozprofileIpNWBh"
1592156956268	Marionette	INFO	Listening on port 56227
1592156956339	Marionette	WARN	TLS certificate errors will be ignored for this session
1592157176490	mozrunner::runner	INFO	Running command: "/Applications/Firefox.app/Contents/MacOS/firefox-bin" "-marionette" "-foreground" "-no-remote" "-profile" "/var/folders/sy/ftdw_z7943l_lhzvzhtgs7k80000gn/T/rust_mozprofilecyWc8b"
1592157179073	Marionette	INFO	Listening on port 56308
1592157179159	Marionette	WARN	TLS certificate errors will be ignored for this session
[GFX1-]: Receive IPC close with reason=AbnormalShutdown
[GFX1-]: Receive IPC close with reason=AbnormalShutdown
Exiting due to channel error.
Exiting due to channel error.
Exiting due to channel error.
[GFX1-]: Receive IPC close with reason=AbnormalShutdown
Exiting due to channel error.
Exiting due to channel error.
Exiting due to channel error.
Exiting due to channel error.
[GFX1-]: Receive IPC close with reason=AbnormalShutdown
Exiting due to channel error.
Exiting due to channel error.
[GFX1-]: Receive IPC close with reason=AbnormalShutdown
Exiting due to channel error.
1592157209176	mozrunner::runner	INFO	Running command: "/Applications/Firefox.app/Contents/MacOS/firefox-bin" "-marionette" "-foreground" "-no-remote" "-profile" "/var/folders/sy/ftdw_z7943l_lhzvzhtgs7k80000gn/T/rust_mozprofileHvyFPx"
1592157212118	Marionette	INFO	Listening on port 56379
1592157212186	Marionette	WARN	TLS certificate errors will be ignored for this session
1592157287490	mozrunner::runner	INFO	Running command: "/Applications/Firefox.app/Contents/MacOS/firefox-bin" "-marionette" "-foreground" "-no-remote" "-profile" "/var/folders/sy/ftdw_z7943l_lhzvzhtgs7k80000gn/T/rust_mozprofileI7rOYk"
1592157290170	Marionette	INFO	Listening on port 56455
1592157290261	Marionette	WARN	TLS certificate errors will be ignored for this session
1592157290807	Marionette	INFO	Stopped listening on port 56455
JavaScript error: resource://gre/modules/UrlClassifierListManager.jsm, line 691: TypeError: this.tablesData[table] is undefined
1592161936585	mozrunner::runner	INFO	Running command: "/Applications/Firefox.app/Contents/MacOS/firefox-bin" "-marionette" "-foreground" "-no-remote" "-profile" "/var/folders/sy/ftdw_z7943l_lhzvzhtgs7k80000gn/T/rust_mozprofileBAyvg9"
1592161939169	Marionette	INFO	Listening on port 57510
1592161939269	Marionette	WARN	TLS certificate errors will be ignored for this session
1592161940743	Marionette	INFO	Stopped listening on port 57510
console.warn: services.settings: main/whats-new-panel sync interrupted by shutdown
1592161973213	mozrunner::runner	INFO	Running command: "/Applications/Firefox.app/Contents/MacOS/firefox-bin" "-marionette" "-foreground" "-no-remote" "-profile" "/var/folders/sy/ftdw_z7943l_lhzvzhtgs7k80000gn/T/rust_mozprofile4q9SwJ"
1592161975849	Marionette	INFO	Listening on port 57578
1592161975889	Marionette	WARN	TLS certificate errors will be ignored for this session
1592161977447	Marionette	INFO	Stopped listening on port 57578
1592162039065	mozrunner::runner	INFO	Running command: "/Applications/Firefox.app/Contents/MacOS/firefox-bin" "-marionette" "-foreground" "-no-remote" "-profile" "/var/folders/sy/ftdw_z7943l_lhzvzhtgs7k80000gn/T/rust_mozprofileqME2ph"
1592162041955	Marionette	INFO	Listening on port 57651
1592162042036	Marionette	WARN	TLS certificate errors will be ignored for this session
1592162042576	Marionette	INFO	Stopped listening on port 57651
1592162068253	mozrunner::runner	INFO	Running command: "/Applications/Firefox.app/Contents/MacOS/firefox-bin" "-marionette" "-foreground" "-no-remote" "-profile" "/var/folders/sy/ftdw_z7943l_lhzvzhtgs7k80000gn/T/rust_mozprofile0WviBE"
1592162070951	Marionette	INFO	Listening on port 57728
1592162071013	Marionette	WARN	TLS certificate errors will be ignored for this session
1592162072677	Marionette	INFO	Stopped listening on port 57728
1592162079467	mozrunner::runner	INFO	Running command: "/Applications/Firefox.app/Contents/MacOS/firefox-bin" "-marionette" "-foreground" "-no-remote" "-profile" "/var/folders/sy/ftdw_z7943l_lhzvzhtgs7k80000gn/T/rust_mozprofileoUHrR5"
1592162082292	Marionette	INFO	Listening on port 57808
1592162082351	Marionette	WARN	TLS certificate errors will be ignored for this session
1592162083951	Marionette	INFO	Stopped listening on port 57808
1592162090858	mozrunner::runner	INFO	Running command: "/Applications/Firefox.app/Contents/MacOS/firefox-bin" "-marionette" "-foreground" "-no-remote" "-profile" "/var/folders/sy/ftdw_z7943l_lhzvzhtgs7k80000gn/T/rust_mozprofileqCDy6M"
1592162093734	Marionette	INFO	Listening on port 57889
1592162093862	Marionette	WARN	TLS certificate errors will be ignored for this session
1592162095423	Marionette	INFO	Stopped listening on port 57889
1592162120867	mozrunner::runner	INFO	Running command: "/Applications/Firefox.app/Contents/MacOS/firefox-bin" "-marionette" "-foreground" "-no-remote" "-profile" "/var/folders/sy/ftdw_z7943l_lhzvzhtgs7k80000gn/T/rust_mozprofileqRaZ1W"
1592162123474	Marionette	INFO	Listening on port 57972
1592162123565	Marionette	WARN	TLS certificate errors will be ignored for this session
1592162125269	Marionette	INFO	Stopped listening on port 57972
1592162154189	mozrunner::runner	INFO	Running command: "/Applications/Firefox.app/Contents/MacOS/firefox-bin" "-marionette" "-foreground" "-no-remote" "-profile" "/var/folders/sy/ftdw_z7943l_lhzvzhtgs7k80000gn/T/rust_mozprofileydrr9G"
1592162156878	Marionette	INFO	Listening on port 58048
1592162156952	Marionette	WARN	TLS certificate errors will be ignored for this session
1592162158462	Marionette	INFO	Stopped listening on port 58048
1592162173359	mozrunner::runner	INFO	Running command: "/Applications/Firefox.app/Contents/MacOS/firefox-bin" "-marionette" "-foreground" "-no-remote" "-profile" "/var/folders/sy/ftdw_z7943l_lhzvzhtgs7k80000gn/T/rust_mozprofileMuKMPL"
1592162176079	Marionette	INFO	Listening on port 58120
1592162176108	Marionette	WARN	TLS certificate errors will be ignored for this session
1592162177793	Marionette	INFO	Stopped listening on port 58120
1592162234992	mozrunner::runner	INFO	Running command: "/Applications/Firefox.app/Contents/MacOS/firefox-bin" "-marionette" "-foreground" "-no-remote" "-profile" "/var/folders/sy/ftdw_z7943l_lhzvzhtgs7k80000gn/T/rust_mozprofilefs9ETT"
1592162237717	Marionette	INFO	Listening on port 58200
1592162237772	Marionette	WARN	TLS certificate errors will be ignored for this session
1592162239198	Marionette	INFO	Stopped listening on port 58200
1592162487588	mozrunner::runner	INFO	Running command: "/Applications/Firefox.app/Contents/MacOS/firefox-bin" "-marionette" "-foreground" "-no-remote" "-profile" "/var/folders/sy/ftdw_z7943l_lhzvzhtgs7k80000gn/T/rust_mozprofilez2PvIs"
1592162490248	Marionette	INFO	Listening on port 58270
1592162490344	Marionette	WARN	TLS certificate errors will be ignored for this session
1592162491869	Marionette	INFO	Stopped listening on port 58270
1592162571079	mozrunner::runner	INFO	Running command: "/Applications/Firefox.app/Contents/MacOS/firefox-bin" "-marionette" "-foreground" "-no-remote" "-profile" "/var/folders/sy/ftdw_z7943l_lhzvzhtgs7k80000gn/T/rust_mozprofilez9PzYL"
1592162574233	Marionette	INFO	Listening on port 58341
1592162574244	Marionette	WARN	TLS certificate errors will be ignored for this session
1592162577055	Marionette	INFO	Stopped listening on port 58341
1592162613462	mozrunner::runner	INFO	Running command: "/Applications/Firefox.app/Contents/MacOS/firefox-bin" "-marionette" "-foreground" "-no-remote" "-profile" "/var/folders/sy/ftdw_z7943l_lhzvzhtgs7k80000gn/T/rust_mozprofilet0U2GV"
1592162616244	Marionette	INFO	Listening on port 58439
1592162616321	Marionette	WARN	TLS certificate errors will be ignored for this session
1592162619007	Marionette	INFO	Stopped listening on port 58439
1592162640918	mozrunner::runner	INFO	Running command: "/Applications/Firefox.app/Contents/MacOS/firefox-bin" "-marionette" "-foreground" "-no-remote" "-profile" "/var/folders/sy/ftdw_z7943l_lhzvzhtgs7k80000gn/T/rust_mozprofilekehXDu"
1592162643753	Marionette	INFO	Listening on port 58517
1592162643858	Marionette	WARN	TLS certificate errors will be ignored for this session
1592162645500	Marionette	INFO	Stopped listening on port 58517
1592162678037	mozrunner::runner	INFO	Running command: "/Applications/Firefox.app/Contents/MacOS/firefox-bin" "-marionette" "-foreground" "-no-remote" "-profile" "/var/folders/sy/ftdw_z7943l_lhzvzhtgs7k80000gn/T/rust_mozprofileSoNp97"
1592162680724	Marionette	INFO	Listening on port 58596
1592162680793	Marionette	WARN	TLS certificate errors will be ignored for this session
1592162682316	Marionette	INFO	Stopped listening on port 58596
1592162766593	mozrunner::runner	INFO	Running command: "/Applications/Firefox.app/Contents/MacOS/firefox-bin" "-marionette" "-foreground" "-no-remote" "-profile" "/var/folders/sy/ftdw_z7943l_lhzvzhtgs7k80000gn/T/rust_mozprofilewbh10L"
1592162769291	Marionette	INFO	Listening on port 58672
1592162769346	Marionette	WARN	TLS certificate errors will be ignored for this session
1592162772094	Marionette	INFO	Stopped listening on port 58672
1592162798020	mozrunner::runner	INFO	Running command: "/Applications/Firefox.app/Contents/MacOS/firefox-bin" "-marionette" "-foreground" "-no-remote" "-profile" "/var/folders/sy/ftdw_z7943l_lhzvzhtgs7k80000gn/T/rust_mozprofileMSWU0o"
1592162800749	Marionette	INFO	Listening on port 58749
1592162800816	Marionette	WARN	TLS certificate errors will be ignored for this session
1592162803464	Marionette	INFO	Stopped listening on port 58749
1592163064561	mozrunner::runner	INFO	Running command: "/Applications/Firefox.app/Contents/MacOS/firefox-bin" "-marionette" "-foreground" "-no-remote" "-profile" "/var/folders/sy/ftdw_z7943l_lhzvzhtgs7k80000gn/T/rust_mozprofilePXdVxw"
1592163067308	Marionette	INFO	Listening on port 58833
1592163067330	Marionette	WARN	TLS certificate errors will be ignored for this session
1592163070091	Marionette	INFO	Stopped listening on port 58833
1592163130396	mozrunner::runner	INFO	Running command: "/Applications/Firefox.app/Contents/MacOS/firefox-bin" "-marionette" "-foreground" "-no-remote" "-profile" "/var/folders/sy/ftdw_z7943l_lhzvzhtgs7k80000gn/T/rust_mozprofileQauFNS"
1592163133132	Marionette	INFO	Listening on port 58909
1592163133178	Marionette	WARN	TLS certificate errors will be ignored for this session
1592163135899	Marionette	INFO	Stopped listening on port 58909
1592163148065	mozrunner::runner	INFO	Running command: "/Applications/Firefox.app/Contents/MacOS/firefox-bin" "-marionette" "-foreground" "-no-remote" "-profile" "/var/folders/sy/ftdw_z7943l_lhzvzhtgs7k80000gn/T/rust_mozprofilebeUnwC"
1592163150726	Marionette	INFO	Listening on port 58985
1592163150830	Marionette	WARN	TLS certificate errors will be ignored for this session
1592163153518	Marionette	INFO	Stopped listening on port 58985
1592163218129	mozrunner::runner	INFO	Running command: "/Applications/Firefox.app/Contents/MacOS/firefox-bin" "-marionette" "-foreground" "-no-remote" "-profile" "/var/folders/sy/ftdw_z7943l_lhzvzhtgs7k80000gn/T/rust_mozprofileBFqSkQ"
1592163220777	Marionette	INFO	Listening on port 59062
1592163220800	Marionette	WARN	TLS certificate errors will be ignored for this session
1592163223597	Marionette	INFO	Stopped listening on port 59062
1592163248222	mozrunner::runner	INFO	Running command: "/Applications/Firefox.app/Contents/MacOS/firefox-bin" "-marionette" "-foreground" "-no-remote" "-profile" "/var/folders/sy/ftdw_z7943l_lhzvzhtgs7k80000gn/T/rust_mozprofileFNPc89"
1592163250887	Marionette	INFO	Listening on port 59134
1592163250906	Marionette	WARN	TLS certificate errors will be ignored for this session
1592163253667	Marionette	INFO	Stopped listening on port 59134
1592163274134	mozrunner::runner	INFO	Running command: "/Applications/Firefox.app/Contents/MacOS/firefox-bin" "-marionette" "-foreground" "-no-remote" "-profile" "/var/folders/sy/ftdw_z7943l_lhzvzhtgs7k80000gn/T/rust_mozprofilelAnC5r"
1592163276779	Marionette	INFO	Listening on port 59209
1592163276804	Marionette	WARN	TLS certificate errors will be ignored for this session
1592163279606	Marionette	INFO	Stopped listening on port 59209
1592163402385	mozrunner::runner	INFO	Running command: "/Applications/Firefox.app/Contents/MacOS/firefox-bin" "-marionette" "-foreground" "-no-remote" "-profile" "/var/folders/sy/ftdw_z7943l_lhzvzhtgs7k80000gn/T/rust_mozprofileD30Yez"
1592163405134	Marionette	INFO	Listening on port 59309
1592163405189	Marionette	WARN	TLS certificate errors will be ignored for this session
1592163407829	Marionette	INFO	Stopped listening on port 59309
1592163428310	mozrunner::runner	INFO	Running command: "/Applications/Firefox.app/Contents/MacOS/firefox-bin" "-marionette" "-foreground" "-no-remote" "-profile" "/var/folders/sy/ftdw_z7943l_lhzvzhtgs7k80000gn/T/rust_mozprofilemhFmLY"
1592163430968	Marionette	INFO	Listening on port 59386
1592163431030	Marionette	WARN	TLS certificate errors will be ignored for this session
1592163433731	Marionette	INFO	Stopped listening on port 59386
1592164954283	mozrunner::runner	INFO	Running command: "/Applications/Firefox.app/Contents/MacOS/firefox-bin" "-marionette" "-foreground" "-no-remote" "-profile" "/var/folders/sy/ftdw_z7943l_lhzvzhtgs7k80000gn/T/rust_mozprofile2knrSE"
1592164957043	Marionette	INFO	Listening on port 60179
1592164957054	Marionette	WARN	TLS certificate errors will be ignored for this session
1592164959850	Marionette	INFO	Stopped listening on port 60179
1592165267075	mozrunner::runner	INFO	Running command: "/Applications/Firefox.app/Contents/MacOS/firefox-bin" "-marionette" "-foreground" "-no-remote" "-profile" "/var/folders/sy/ftdw_z7943l_lhzvzhtgs7k80000gn/T/rust_mozprofilegwAlBr"
1592165269787	Marionette	INFO	Listening on port 61058
1592165269838	Marionette	WARN	TLS certificate errors will be ignored for this session
1592165272571	Marionette	INFO	Stopped listening on port 61058
1592165817810	mozrunner::runner	INFO	Running command: "/Applications/Firefox.app/Contents/MacOS/firefox-bin" "-marionette" "-foreground" "-no-remote" "-profile" "/var/folders/sy/ftdw_z7943l_lhzvzhtgs7k80000gn/T/rust_mozprofileL0i2UZ"
1592165820631	Marionette	INFO	Listening on port 63389
1592165820681	Marionette	WARN	TLS certificate errors will be ignored for this session
JavaScript error: http://localhost:5000/, line 26: SyntaxError: unexpected token: identifier
JavaScript error: http://localhost:5000/, line 26: SyntaxError: unexpected token: identifier
1592165823484	Marionette	INFO	Stopped listening on port 63389
1592167077496	mozrunner::runner	INFO	Running command: "/Applications/Firefox.app/Contents/MacOS/firefox-bin" "-marionette" "-foreground" "-no-remote" "-profile" "/var/folders/sy/ftdw_z7943l_lhzvzhtgs7k80000gn/T/rust_mozprofileZOQR3l"
1592167080604	Marionette	INFO	Listening on port 64230
1592167080700	Marionette	WARN	TLS certificate errors will be ignored for this session
JavaScript error: http://localhost:5000/, line 26: SyntaxError: unexpected token: identifier
JavaScript error: http://localhost:5000/, line 26: SyntaxError: unexpected token: identifier
1592167083469	Marionette	INFO	Stopped listening on port 64230
1592171638793	mozrunner::runner	INFO	Running command: "/Applications/Firefox.app/Contents/MacOS/firefox-bin" "-marionette" "-foreground" "-no-remote" "-profile" "/var/folders/sy/ftdw_z7943l_lhzvzhtgs7k80000gn/T/rust_mozprofilePnHwKu"
1592171641739	Marionette	INFO	Listening on port 56172
1592171641786	Marionette	WARN	TLS certificate errors will be ignored for this session
1592171642255	Marionette	INFO	Stopped listening on port 56172
1592171658479	mozrunner::runner	INFO	Running command: "/Applications/Firefox.app/Contents/MacOS/firefox-bin" "-marionette" "-foreground" "-no-remote" "-profile" "/var/folders/sy/ftdw_z7943l_lhzvzhtgs7k80000gn/T/rust_mozprofileoW2pSZ"
1592171661251	Marionette	INFO	Listening on port 56252
1592171661372	Marionette	WARN	TLS certificate errors will be ignored for this session
1592171661724	Marionette	INFO	Stopped listening on port 56252
1592171750469	mozrunner::runner	INFO	Running command: "/Applications/Firefox.app/Contents/MacOS/firefox-bin" "-marionette" "-foreground" "-no-remote" "-profile" "/var/folders/sy/ftdw_z7943l_lhzvzhtgs7k80000gn/T/rust_mozprofileffhwLX"
1592171753197	Marionette	INFO	Listening on port 56349
1592171753255	Marionette	WARN	TLS certificate errors will be ignored for this session
1592171753693	Marionette	INFO	Stopped listening on port 56349
1592171816759	mozrunner::runner	INFO	Running command: "/Applications/Firefox.app/Contents/MacOS/firefox-bin" "-marionette" "-foreground" "-no-remote" "-profile" "/var/folders/sy/ftdw_z7943l_lhzvzhtgs7k80000gn/T/rust_mozprofile9I0iub"
1592171819520	Marionette	INFO	Listening on port 56437
1592171819581	Marionette	WARN	TLS certificate errors will be ignored for this session
JavaScript error: http://localhost:5000/, line 26: SyntaxError: unexpected token: identifier
JavaScript error: http://localhost:5000/, line 26: SyntaxError: unexpected token: identifier
1592171882737	mozrunner::runner	INFO	Running command: "/Applications/Firefox.app/Contents/MacOS/firefox-bin" "-marionette" "-foreground" "-no-remote" "-profile" "/var/folders/sy/ftdw_z7943l_lhzvzhtgs7k80000gn/T/rust_mozprofiletsqwRz"
1592171885823	Marionette	INFO	Listening on port 56520
1592171885917	Marionette	WARN	TLS certificate errors will be ignored for this session
JavaScript error: http://localhost:5000/, line 26: SyntaxError: unexpected token: identifier
JavaScript error: http://localhost:5000/, line 26: SyntaxError: unexpected token: identifier
1592171888565	Marionette	INFO	Stopped listening on port 56520
1592173799231	mozrunner::runner	INFO	Running command: "/Applications/Firefox.app/Contents/MacOS/firefox-bin" "-marionette" "-foreground" "-no-remote" "-profile" "/var/folders/sy/ftdw_z7943l_lhzvzhtgs7k80000gn/T/rust_mozprofileIlYVRm"
1592173802173	Marionette	INFO	Listening on port 63500
1592173802199	Marionette	WARN	TLS certificate errors will be ignored for this session
1592173802634	Marionette	INFO	Stopped listening on port 63500

###!!! [Parent][MessageChannel] Error: (msgtype=0xA000E,name=PBackgroundIDBDatabase::Msg_CloseAfterInvalidationComplete) Channel error: cannot send/recv

1592173884836	mozrunner::runner	INFO	Running command: "/Applications/Firefox.app/Contents/MacOS/firefox-bin" "-marionette" "-foreground" "-no-remote" "-profile" "/var/folders/sy/ftdw_z7943l_lhzvzhtgs7k80000gn/T/rust_mozprofiledF8eEX"
1592173887697	Marionette	INFO	Listening on port 63929
1592173887728	Marionette	WARN	TLS certificate errors will be ignored for this session
1592173888178	Marionette	INFO	Stopped listening on port 63929
1592173983269	Marionette	INFO	Stopped listening on port 56379
1592173984578	Marionette	INFO	Stopped listening on port 56437
1592195468854	mozrunner::runner	INFO	Running command: "/Applications/Firefox.app/Contents/MacOS/firefox-bin" "-marionette" "-foreground" "-no-remote" "-profile" "/var/folders/sy/ftdw_z7943l_lhzvzhtgs7k80000gn/T/rust_mozprofile0Z6bs3"
1592195472105	Marionette	INFO	Listening on port 59572
1592195472213	Marionette	WARN	TLS certificate errors will be ignored for this session
JavaScript error: , line 0: TypeError: NetworkError when attempting to fetch resource.
JavaScript error: , line 0: TypeError: NetworkError when attempting to fetch resource.
1592195474937	Marionette	INFO	Stopped listening on port 59572
1592195599716	mozrunner::runner	INFO	Running command: "/Applications/Firefox.app/Contents/MacOS/firefox-bin" "-marionette" "-foreground" "-no-remote" "-profile" "/var/folders/sy/ftdw_z7943l_lhzvzhtgs7k80000gn/T/rust_mozprofileGkkYjT"
1592195602180	Marionette	INFO	Listening on port 60188
1592195602276	Marionette	WARN	TLS certificate errors will be ignored for this session
JavaScript error: , line 0: TypeError: NetworkError when attempting to fetch resource.
JavaScript error: , line 0: TypeError: NetworkError when attempting to fetch resource.
1592195604951	Marionette	INFO	Stopped listening on port 60188
1592195703482	mozrunner::runner	INFO	Running command: "/Applications/Firefox.app/Contents/MacOS/firefox-bin" "-marionette" "-foreground" "-no-remote" "-profile" "/var/folders/sy/ftdw_z7943l_lhzvzhtgs7k80000gn/T/rust_mozprofilepiVzFq"
1592195706014	Marionette	INFO	Listening on port 60686
1592195706062	Marionette	WARN	TLS certificate errors will be ignored for this session
JavaScript error: , line 0: TypeError: NetworkError when attempting to fetch resource.
JavaScript error: , line 0: TypeError: NetworkError when attempting to fetch resource.
1592195708810	Marionette	INFO	Stopped listening on port 60686
1592195769707	mozrunner::runner	INFO	Running command: "/Applications/Firefox.app/Contents/MacOS/firefox-bin" "-marionette" "-foreground" "-no-remote" "-profile" "/var/folders/sy/ftdw_z7943l_lhzvzhtgs7k80000gn/T/rust_mozprofileY7UE8e"
1592195772255	Marionette	INFO	Listening on port 61026
1592195772286	Marionette	WARN	TLS certificate errors will be ignored for this session
JavaScript error: , line 0: TypeError: NetworkError when attempting to fetch resource.
JavaScript error: , line 0: TypeError: NetworkError when attempting to fetch resource.
1592195775025	Marionette	INFO	Stopped listening on port 61026
1592196011040	mozrunner::runner	INFO	Running command: "/Applications/Firefox.app/Contents/MacOS/firefox-bin" "-marionette" "-foreground" "-no-remote" "-profile" "/var/folders/sy/ftdw_z7943l_lhzvzhtgs7k80000gn/T/rust_mozprofileHjj59x"
1592196013664	Marionette	INFO	Listening on port 62080
1592196013725	Marionette	WARN	TLS certificate errors will be ignored for this session
1592196015098	Marionette	INFO	Stopped listening on port 62080
1592196107393	mozrunner::runner	INFO	Running command: "/Applications/Firefox.app/Contents/MacOS/firefox-bin" "-marionette" "-foreground" "-no-remote" "-profile" "/var/folders/sy/ftdw_z7943l_lhzvzhtgs7k80000gn/T/rust_mozprofilejptzeA"
1592196109822	Marionette	INFO	Listening on port 62545
1592196109874	Marionette	WARN	TLS certificate errors will be ignored for this session
JavaScript error: , line 0: TypeError: NetworkError when attempting to fetch resource.
JavaScript error: , line 0: TypeError: NetworkError when attempting to fetch resource.
1592196112660	Marionette	INFO	Stopped listening on port 62545
1592196196303	mozrunner::runner	INFO	Running command: "/Applications/Firefox.app/Contents/MacOS/firefox-bin" "-marionette" "-foreground" "-no-remote" "-profile" "/var/folders/sy/ftdw_z7943l_lhzvzhtgs7k80000gn/T/rust_mozprofilepShTiE"
1592196198750	Marionette	INFO	Listening on port 62978
1592196198777	Marionette	WARN	TLS certificate errors will be ignored for this session
JavaScript error: , line 0: TypeError: NetworkError when attempting to fetch resource.
JavaScript error: , line 0: TypeError: NetworkError when attempting to fetch resource.
1592196201553	Marionette	INFO	Stopped listening on port 62978
1592196390872	mozrunner::runner	INFO	Running command: "/Applications/Firefox.app/Contents/MacOS/firefox-bin" "-marionette" "-foreground" "-no-remote" "-profile" "/var/folders/sy/ftdw_z7943l_lhzvzhtgs7k80000gn/T/rust_mozprofileqVNWz0"
1592196393607	Marionette	INFO	Listening on port 63841
1592196393638	Marionette	WARN	TLS certificate errors will be ignored for this session
JavaScript error: , line 0: TypeError: NetworkError when attempting to fetch resource.
JavaScript error: , line 0: TypeError: NetworkError when attempting to fetch resource.
1592196396285	Marionette	INFO	Stopped listening on port 63841
1592196745997	mozrunner::runner	INFO	Running command: "/Applications/Firefox.app/Contents/MacOS/firefox-bin" "-marionette" "-foreground" "-no-remote" "-profile" "/var/folders/sy/ftdw_z7943l_lhzvzhtgs7k80000gn/T/rust_mozprofilenjVRB8"
1592196748553	Marionette	INFO	Listening on port 63976
1592196748654	Marionette	WARN	TLS certificate errors will be ignored for this session
1592196748992	Marionette	INFO	Stopped listening on port 63976
1592196761219	mozrunner::runner	INFO	Running command: "/Applications/Firefox.app/Contents/MacOS/firefox-bin" "-marionette" "-foreground" "-no-remote" "-profile" "/var/folders/sy/ftdw_z7943l_lhzvzhtgs7k80000gn/T/rust_mozprofileE2f5S4"
1592196763710	Marionette	INFO	Listening on port 64051
1592196763852	Marionette	WARN	TLS certificate errors will be ignored for this session
JavaScript error: , line 0: TypeError: NetworkError when attempting to fetch resource.
JavaScript error: , line 0: TypeError: NetworkError when attempting to fetch resource.
1592196766550	Marionette	INFO	Stopped listening on port 64051
1592196900324	mozrunner::runner	INFO	Running command: "/Applications/Firefox.app/Contents/MacOS/firefox-bin" "-marionette" "-foreground" "-no-remote" "-profile" "/var/folders/sy/ftdw_z7943l_lhzvzhtgs7k80000gn/T/rust_mozprofileAeiCYH"
1592196902977	Marionette	INFO	Listening on port 64136
1592196903088	Marionette	WARN	TLS certificate errors will be ignored for this session
JavaScript error: , line 0: TypeError: NetworkError when attempting to fetch resource.
JavaScript error: , line 0: TypeError: NetworkError when attempting to fetch resource.
1592196907226	Marionette	INFO	Stopped listening on port 64136
1592196925140	mozrunner::runner	INFO	Running command: "/Applications/Firefox.app/Contents/MacOS/firefox-bin" "-marionette" "-foreground" "-no-remote" "-profile" "/var/folders/sy/ftdw_z7943l_lhzvzhtgs7k80000gn/T/rust_mozprofile1E3gFy"
1592196927868	Marionette	INFO	Listening on port 64229
1592196927922	Marionette	WARN	TLS certificate errors will be ignored for this session
JavaScript error: , line 0: TypeError: NetworkError when attempting to fetch resource.
JavaScript error: , line 0: TypeError: NetworkError when attempting to fetch resource.
1592196930650	Marionette	INFO	Stopped listening on port 64229
1592196943247	mozrunner::runner	INFO	Running command: "/Applications/Firefox.app/Contents/MacOS/firefox-bin" "-marionette" "-foreground" "-no-remote" "-profile" "/var/folders/sy/ftdw_z7943l_lhzvzhtgs7k80000gn/T/rust_mozprofilekbOGrh"
1592196945749	Marionette	INFO	Listening on port 64312
1592196945830	Marionette	WARN	TLS certificate errors will be ignored for this session
JavaScript error: , line 0: TypeError: NetworkError when attempting to fetch resource.
JavaScript error: , line 0: TypeError: NetworkError when attempting to fetch resource.
1592196950554	Marionette	INFO	Stopped listening on port 64312
1592196999031	mozrunner::runner	INFO	Running command: "/Applications/Firefox.app/Contents/MacOS/firefox-bin" "-marionette" "-foreground" "-no-remote" "-profile" "/var/folders/sy/ftdw_z7943l_lhzvzhtgs7k80000gn/T/rust_mozprofileGjStsb"
1592197001600	Marionette	INFO	Listening on port 64393
1592197001704	Marionette	WARN	TLS certificate errors will be ignored for this session
JavaScript error: , line 0: TypeError: NetworkError when attempting to fetch resource.
JavaScript error: , line 0: TypeError: NetworkError when attempting to fetch resource.
1592197005284	Marionette	INFO	Stopped listening on port 64393
1592197294053	mozrunner::runner	INFO	Running command: "/Applications/Firefox.app/Contents/MacOS/firefox-bin" "-marionette" "-foreground" "-no-remote" "-profile" "/var/folders/sy/ftdw_z7943l_lhzvzhtgs7k80000gn/T/rust_mozprofile0JU915"
1592197296529	Marionette	INFO	Listening on port 64525
1592197296664	Marionette	WARN	TLS certificate errors will be ignored for this session
JavaScript error: , line 0: TypeError: NetworkError when attempting to fetch resource.
1592197300484	Marionette	INFO	Stopped listening on port 64525
1592197326134	mozrunner::runner	INFO	Running command: "/Applications/Firefox.app/Contents/MacOS/firefox-bin" "-marionette" "-foreground" "-no-remote" "-profile" "/var/folders/sy/ftdw_z7943l_lhzvzhtgs7k80000gn/T/rust_mozprofilekRfO6a"
1592197328614	Marionette	INFO	Listening on port 64608
1592197328732	Marionette	WARN	TLS certificate errors will be ignored for this session
1592197332409	Marionette	INFO	Stopped listening on port 64608
1592197362852	mozrunner::runner	INFO	Running command: "/Applications/Firefox.app/Contents/MacOS/firefox-bin" "-marionette" "-foreground" "-no-remote" "-profile" "/var/folders/sy/ftdw_z7943l_lhzvzhtgs7k80000gn/T/rust_mozprofilei08BoA"
1592197365367	Marionette	INFO	Listening on port 64687
1592197365479	Marionette	WARN	TLS certificate errors will be ignored for this session
1592197369120	Marionette	INFO	Stopped listening on port 64687
1592197404279	mozrunner::runner	INFO	Running command: "/Applications/Firefox.app/Contents/MacOS/firefox-bin" "-marionette" "-foreground" "-no-remote" "-profile" "/var/folders/sy/ftdw_z7943l_lhzvzhtgs7k80000gn/T/rust_mozprofileAROqEz"
1592197406706	Marionette	INFO	Listening on port 64771
1592197406746	Marionette	WARN	TLS certificate errors will be ignored for this session
1592197410503	Marionette	INFO	Stopped listening on port 64771
1592197558130	mozrunner::runner	INFO	Running command: "/Applications/Firefox.app/Contents/MacOS/firefox-bin" "-marionette" "-foreground" "-no-remote" "-profile" "/var/folders/sy/ftdw_z7943l_lhzvzhtgs7k80000gn/T/rust_mozprofileTMHK7x"
1592197560510	Marionette	INFO	Listening on port 64854
1592197560608	Marionette	WARN	TLS certificate errors will be ignored for this session
1592197564345	Marionette	INFO	Stopped listening on port 64854
1592197578395	mozrunner::runner	INFO	Running command: "/Applications/Firefox.app/Contents/MacOS/firefox-bin" "-marionette" "-foreground" "-no-remote" "-profile" "/var/folders/sy/ftdw_z7943l_lhzvzhtgs7k80000gn/T/rust_mozprofilekfQOAB"
1592197580992	Marionette	INFO	Listening on port 64929
1592197581055	Marionette	WARN	TLS certificate errors will be ignored for this session
1592197584720	Marionette	INFO	Stopped listening on port 64929
1592197605895	mozrunner::runner	INFO	Running command: "/Applications/Firefox.app/Contents/MacOS/firefox-bin" "-marionette" "-foreground" "-no-remote" "-profile" "/var/folders/sy/ftdw_z7943l_lhzvzhtgs7k80000gn/T/rust_mozprofilef0GVTv"
1592197608440	Marionette	INFO	Listening on port 65009
1592197608473	Marionette	WARN	TLS certificate errors will be ignored for this session
1592197612114	Marionette	INFO	Stopped listening on port 65009
1592197641745	mozrunner::runner	INFO	Running command: "/Applications/Firefox.app/Contents/MacOS/firefox-bin" "-marionette" "-foreground" "-no-remote" "-profile" "/var/folders/sy/ftdw_z7943l_lhzvzhtgs7k80000gn/T/rust_mozprofileM6Nhnh"
1592197644252	Marionette	INFO	Listening on port 65088
1592197644321	Marionette	WARN	TLS certificate errors will be ignored for this session
1592197648016	Marionette	INFO	Stopped listening on port 65088
1592197663763	mozrunner::runner	INFO	Running command: "/Applications/Firefox.app/Contents/MacOS/firefox-bin" "-marionette" "-foreground" "-no-remote" "-profile" "/var/folders/sy/ftdw_z7943l_lhzvzhtgs7k80000gn/T/rust_mozprofileA9LCNO"
1592197666338	Marionette	INFO	Listening on port 65167
1592197666427	Marionette	WARN	TLS certificate errors will be ignored for this session
1592197670070	Marionette	INFO	Stopped listening on port 65167
1592198685915	mozrunner::runner	INFO	Running command: "/Applications/Firefox.app/Contents/MacOS/firefox-bin" "-marionette" "-foreground" "-no-remote" "-profile" "/var/folders/sy/ftdw_z7943l_lhzvzhtgs7k80000gn/T/rust_mozprofile76WDrw"
1592198688824	Marionette	INFO	Listening on port 65407
1592198688962	Marionette	WARN	TLS certificate errors will be ignored for this session
1592198692658	Marionette	INFO	Stopped listening on port 65407
1592198767270	mozrunner::runner	INFO	Running command: "/Applications/Firefox.app/Contents/MacOS/firefox-bin" "-marionette" "-foreground" "-no-remote" "-profile" "/var/folders/sy/ftdw_z7943l_lhzvzhtgs7k80000gn/T/rust_mozprofile341qFK"
1592198769728	Marionette	INFO	Listening on port 65497
1592198769769	Marionette	WARN	TLS certificate errors will be ignored for this session
1592198773495	Marionette	INFO	Stopped listening on port 65497
1592199132754	mozrunner::runner	INFO	Running command: "/Applications/Firefox.app/Contents/MacOS/firefox-bin" "-marionette" "-foreground" "-no-remote" "-profile" "/var/folders/sy/ftdw_z7943l_lhzvzhtgs7k80000gn/T/rust_mozprofileIVQPoH"
1592199135298	Marionette	INFO	Listening on port 49257
1592199135319	Marionette	WARN	TLS certificate errors will be ignored for this session
1592199136727	Marionette	INFO	Stopped listening on port 49257
1592199164231	mozrunner::runner	INFO	Running command: "/Applications/Firefox.app/Contents/MacOS/firefox-bin" "-marionette" "-foreground" "-no-remote" "-profile" "/var/folders/sy/ftdw_z7943l_lhzvzhtgs7k80000gn/T/rust_mozprofile7b6nKu"
1592199166767	Marionette	INFO	Listening on port 49337
1592199166809	Marionette	WARN	TLS certificate errors will be ignored for this session
JavaScript error: , line 0: TypeError: NetworkError when attempting to fetch resource.
1592199170506	Marionette	INFO	Stopped listening on port 49337
